0 info it worked if it ends with ok
1 verbose cli [ '/Users/kenjicrosland/.node/bin/node',
1 verbose cli   '/Users/kenjicrosland/.node/bin/npm',
1 verbose cli   'test' ]
2 info using npm@2.11.3
3 info using node@v0.12.7
4 verbose stack Error: ENOENT, open '/Users/kenjicrosland/Desktop/Accelerator/simple-test-and-modular-patterns/package.json'
4 verbose stack     at Error (native)
5 verbose cwd /Users/kenjicrosland/Desktop/Accelerator/simple-test-and-modular-patterns
6 error Darwin 15.0.0
7 error argv "/Users/kenjicrosland/.node/bin/node" "/Users/kenjicrosland/.node/bin/npm" "test"
8 error node v0.12.7
9 error npm  v2.11.3
10 error path /Users/kenjicrosland/Desktop/Accelerator/simple-test-and-modular-patterns/package.json
11 error code ENOENT
12 error errno -2
13 error enoent ENOENT, open '/Users/kenjicrosland/Desktop/Accelerator/simple-test-and-modular-patterns/package.json'
13 error enoent This is most likely not a problem with npm itself
13 error enoent and is related to npm not being able to find a file.
14 verbose exit [ -2, true ]
